2025-05-30 11:56:23,357 DEBUG: deprecate positional args: graphviz.backend.piping.pipe(['renderer', 'formatter', 'neato_no_op', 'quiet'])
2025-05-30 11:56:23,362 DEBUG: deprecate positional args: graphviz.backend.rendering.render(['renderer', 'formatter', 'neato_no_op', 'quiet'])
2025-05-30 11:56:23,369 DEBUG: deprecate positional args: graphviz.backend.unflattening.unflatten(['stagger', 'fanout', 'chain', 'encoding'])
2025-05-30 11:56:23,371 DEBUG: deprecate positional args: graphviz.backend.viewing.view(['quiet'])
2025-05-30 11:56:23,388 DEBUG: deprecate positional args: graphviz.quoting.quote(['is_html_string', 'is_valid_id', 'dot_keywords', 'endswith_odd_number_of_backslashes', 'escape_unescaped_quotes'])
2025-05-30 11:56:23,394 DEBUG: deprecate positional args: graphviz.quoting.a_list(['kwargs', 'attributes'])
2025-05-30 11:56:23,396 DEBUG: deprecate positional args: graphviz.quoting.attr_list(['kwargs', 'attributes'])
2025-05-30 11:56:23,396 DEBUG: deprecate positional args: graphviz.dot.Dot.clear(['keep_attrs'])
2025-05-30 11:56:23,396 DEBUG: deprecate positional args: graphviz.dot.Dot.__iter__(['subgraph'])
2025-05-30 11:56:23,396 DEBUG: deprecate positional args: graphviz.dot.Dot.node(['_attributes'])
2025-05-30 11:56:23,397 DEBUG: deprecate positional args: graphviz.dot.Dot.edge(['_attributes'])
2025-05-30 11:56:23,397 DEBUG: deprecate positional args: graphviz.dot.Dot.attr(['_attributes'])
2025-05-30 11:56:23,397 DEBUG: deprecate positional args: graphviz.dot.Dot.subgraph(['name', 'comment', 'graph_attr', 'node_attr', 'edge_attr', 'body'])
2025-05-30 11:56:23,403 DEBUG: deprecate positional args: graphviz.piping.Pipe._pipe_legacy(['renderer', 'formatter', 'neato_no_op', 'quiet'])
2025-05-30 11:56:23,406 DEBUG: deprecate positional args: graphviz.saving.Save.save(['directory'])
2025-05-30 11:56:23,406 DEBUG: deprecate positional args: graphviz.rendering.Render.render(['directory', 'view', 'cleanup', 'format', 'renderer', 'formatter', 'neato_no_op', 'quiet', 'quiet_view'])
2025-05-30 11:56:23,406 DEBUG: deprecate positional args: graphviz.rendering.Render.view(['directory', 'cleanup', 'quiet', 'quiet_view'])
2025-05-30 11:56:23,410 DEBUG: deprecate positional args: graphviz.unflattening.Unflatten.unflatten(['stagger', 'fanout', 'chain'])
2025-05-30 11:56:23,411 DEBUG: deprecate positional args: graphviz.graphs.BaseGraph.__init__(['comment', 'filename', 'directory', 'format', 'engine', 'encoding', 'graph_attr', 'node_attr', 'edge_attr', 'body', 'strict'])
2025-05-30 11:56:23,414 DEBUG: deprecate positional args: graphviz.sources.Source.from_file(['directory', 'format', 'engine', 'encoding', 'renderer', 'formatter'])
2025-05-30 11:56:23,415 DEBUG: deprecate positional args: graphviz.sources.Source.__init__(['filename', 'directory', 'format', 'engine', 'encoding'])
2025-05-30 11:56:23,415 DEBUG: deprecate positional args: graphviz.sources.Source.save(['directory'])
2025-05-30 11:56:23,624 DEBUG: STREAM b'IHDR' 16 13
2025-05-30 11:56:23,624 DEBUG: STREAM b'sRGB' 41 1
2025-05-30 11:56:23,624 DEBUG: STREAM b'gAMA' 54 4
2025-05-30 11:56:23,624 DEBUG: STREAM b'pHYs' 70 9
2025-05-30 11:56:23,624 DEBUG: STREAM b'IDAT' 91 65445
2025-05-30 11:56:30,782 DEBUG: deprecate positional args: graphviz.backend.piping.pipe(['renderer', 'formatter', 'neato_no_op', 'quiet'])
2025-05-30 11:56:30,786 DEBUG: deprecate positional args: graphviz.backend.rendering.render(['renderer', 'formatter', 'neato_no_op', 'quiet'])
2025-05-30 11:56:30,790 DEBUG: deprecate positional args: graphviz.backend.unflattening.unflatten(['stagger', 'fanout', 'chain', 'encoding'])
2025-05-30 11:56:30,793 DEBUG: deprecate positional args: graphviz.backend.viewing.view(['quiet'])
2025-05-30 11:56:30,805 DEBUG: deprecate positional args: graphviz.quoting.quote(['is_html_string', 'is_valid_id', 'dot_keywords', 'endswith_odd_number_of_backslashes', 'escape_unescaped_quotes'])
2025-05-30 11:56:30,806 DEBUG: deprecate positional args: graphviz.quoting.a_list(['kwargs', 'attributes'])
2025-05-30 11:56:30,806 DEBUG: deprecate positional args: graphviz.quoting.attr_list(['kwargs', 'attributes'])
2025-05-30 11:56:30,806 DEBUG: deprecate positional args: graphviz.dot.Dot.clear(['keep_attrs'])
2025-05-30 11:56:30,806 DEBUG: deprecate positional args: graphviz.dot.Dot.__iter__(['subgraph'])
2025-05-30 11:56:30,807 DEBUG: deprecate positional args: graphviz.dot.Dot.node(['_attributes'])
2025-05-30 11:56:30,807 DEBUG: deprecate positional args: graphviz.dot.Dot.edge(['_attributes'])
2025-05-30 11:56:30,807 DEBUG: deprecate positional args: graphviz.dot.Dot.attr(['_attributes'])
2025-05-30 11:56:30,807 DEBUG: deprecate positional args: graphviz.dot.Dot.subgraph(['name', 'comment', 'graph_attr', 'node_attr', 'edge_attr', 'body'])
2025-05-30 11:56:30,810 DEBUG: deprecate positional args: graphviz.piping.Pipe._pipe_legacy(['renderer', 'formatter', 'neato_no_op', 'quiet'])
2025-05-30 11:56:30,814 DEBUG: deprecate positional args: graphviz.saving.Save.save(['directory'])
2025-05-30 11:56:30,814 DEBUG: deprecate positional args: graphviz.rendering.Render.render(['directory', 'view', 'cleanup', 'format', 'renderer', 'formatter', 'neato_no_op', 'quiet', 'quiet_view'])
2025-05-30 11:56:30,815 DEBUG: deprecate positional args: graphviz.rendering.Render.view(['directory', 'cleanup', 'quiet', 'quiet_view'])
2025-05-30 11:56:30,818 DEBUG: deprecate positional args: graphviz.unflattening.Unflatten.unflatten(['stagger', 'fanout', 'chain'])
2025-05-30 11:56:30,819 DEBUG: deprecate positional args: graphviz.graphs.BaseGraph.__init__(['comment', 'filename', 'directory', 'format', 'engine', 'encoding', 'graph_attr', 'node_attr', 'edge_attr', 'body', 'strict'])
2025-05-30 11:56:30,823 DEBUG: deprecate positional args: graphviz.sources.Source.from_file(['directory', 'format', 'engine', 'encoding', 'renderer', 'formatter'])
2025-05-30 11:56:30,824 DEBUG: deprecate positional args: graphviz.sources.Source.__init__(['filename', 'directory', 'format', 'engine', 'encoding'])
2025-05-30 11:56:30,824 DEBUG: deprecate positional args: graphviz.sources.Source.save(['directory'])
2025-05-30 11:56:30,999 DEBUG: STREAM b'IHDR' 16 13
2025-05-30 11:56:31,000 DEBUG: STREAM b'sRGB' 41 1
2025-05-30 11:56:31,000 DEBUG: STREAM b'gAMA' 54 4
2025-05-30 11:56:31,000 DEBUG: STREAM b'pHYs' 70 9
2025-05-30 11:56:31,000 DEBUG: STREAM b'IDAT' 91 65445
